\src\collections\ContextMenuItems.tsx:16 - ContextMenuItems
\src\collections\DesktopIcons.tsx:18 - DesktopItems
\src\collections\NotificationAreaItems.tsx:17 - NotificationAreaItems
\src\collections\OsWindows.tsx:17 - OsWindows
\src\collections\QuickstartAreaItems.tsx:18 - QuickstartAreaItems
\src\collections\RunningAreaItems.tsx:17 - RunningAreaItems
\src\collections\StartMenuItems.tsx:18 - StartMenuItems
\src\features\Boot.tsx:27 - Boot
\src\features\Explorer.tsx:31 - Explorer
\src\type-predicates\isObject.ts:3 - isObject
\src\typings\OsLocations.d.ts:1 - OsLocations
\src\utils\ca.ts:2 - ca
\src\utils\cartesianProduct.ts:2 - cartesianProduct
\src\utils\getBinaryByFilehash.ts:4 - getBinaryByFileHash
\src\utils\obj.ts:1 - obj
\src\utils\reachDeep.ts:20 - foo
\src\programs\paint\Paint.tsx:16 - Paint
\src\typings\handlers\ChangeHandler.d.ts:3 - ChangeHandler
\src\typings\props\ButtonProps.d.ts:3 - ButtonProps
\src\utils\crypto\uuidv4.ts:3 - uuidv4
\src\features\os-window\chrome-area\OsWindowButtons.tsx:36 - OsWindowButtons
\src\features\taskbar\start-area\StartButton.tsx:32 - StartButton
